<?xml version="1.0" encoding="UTF-8"?>
<testng-results ignored="0" total="1" passed="1" failed="0" skipped="0">
  <reporter-output>
  </reporter-output>
  <suite started-at="2021-04-25T13:46:04 EDT" name="Default suite" finished-at="2021-04-25T13:46:08 EDT" duration-ms="3772">
    <groups>
    </groups>
    <test started-at="2021-04-25T13:46:04 EDT" name="Default test" finished-at="2021-04-25T13:46:08 EDT" duration-ms="3772">
      <class name="org.web.automation.testcases.TC_001">
        <test-method signature="tc_001()[pri:0, instance:org.web.automation.testcases.TC_001@4cc8eb05]" started-at="2021-04-25T13:46:04 EDT" name="tc_001" finished-at="2021-04-25T13:46:08 EDT" duration-ms="3739" status="PASS">
          <reporter-output>
          </reporter-output>
        </test-method> <!-- tc_001 -->
      </class> <!-- org.web.automation.testcases.TC_001 -->
    </test> <!-- Default test -->
  </suite> <!-- Default suite -->
</testng-results>
